2019-06-05T22:00:30.191545Z 0 [Warning] TIMESTAMP with implicit DEFAULT value is deprecated. Please use --explicit_defaults_for_timestamp server option (see documentation for more details).
2019-06-05T22:00:30.192219Z 0 [Note] /usr/sbin/mysqld (mysqld 5.7.23) starting as process 30 ...
2019-06-05T22:00:30.204063Z 0 [Note] InnoDB: PUNCH HOLE support available
2019-06-05T22:00:30.204079Z 0 [Note] InnoDB: Mutexes and rw_locks use GCC atomic builtins
2019-06-05T22:00:30.204082Z 0 [Note] InnoDB: Uses event mutexes
2019-06-05T22:00:30.204085Z 0 [Note] InnoDB: GCC builtin __atomic_thread_fence() is used for memory barrier
2019-06-05T22:00:30.204088Z 0 [Note] InnoDB: Compressed tables use zlib 1.2.3
2019-06-05T22:00:30.204091Z 0 [Note] InnoDB: Using Linux native AIO
2019-06-05T22:00:30.204240Z 0 [Note] InnoDB: Number of pools: 1
2019-06-05T22:00:30.204361Z 0 [Note] InnoDB: Using CPU crc32 instructions
2019-06-05T22:00:30.209016Z 0 [Note] InnoDB: Initializing buffer pool, total size = 32M, instances = 1, chunk size = 32M
2019-06-05T22:00:30.213850Z 0 [Note] InnoDB: Completed initialization of buffer pool
2019-06-05T22:00:30.220974Z 0 [Note] InnoDB: If the mysqld execution user is authorized, page cleaner thread priority can be changed. See the man page of setpriority().
2019-06-05T22:00:30.227475Z 0 [Note] InnoDB: Highest supported file format is Barracuda.
2019-06-05T22:00:30.232713Z 0 [Note] InnoDB: Log scan progressed past the checkpoint lsn 2588963
2019-06-05T22:00:30.232738Z 0 [Note] InnoDB: Doing recovery: scanned up to log sequence number 2591784
2019-06-05T22:00:30.233641Z 0 [Note] InnoDB: Database was not shutdown normally!
2019-06-05T22:00:30.233656Z 0 [Note] InnoDB: Starting crash recovery.
2019-06-05T22:00:30.392861Z 0 [Note] InnoDB: Starting an apply batch of log records to the database...
InnoDB: Progress in percent: 27 28 29 30 31 32 33 34 35 36 37 38 39 40 41 42 43 44 45 46 47 48 49 50 51 52 53 54 55 56 57 58 59 60 61 62 63 64 65 66 67 68 69 70 71 72 73 74 75 76 77 78 79 80 81 82 83 84 85 86 87 88 89 90 91 92 93 94 95 96 97 98 99 
2019-06-05T22:00:30.394936Z 0 [Note] InnoDB: Apply batch completed
2019-06-05T22:00:30.507656Z 0 [Note] InnoDB: Removed temporary tablespace data file: "ibtmp1"
2019-06-05T22:00:30.507685Z 0 [Note] InnoDB: Creating shared tablespace for temporary tables
2019-06-05T22:00:30.507756Z 0 [Note] InnoDB: Setting file './ibtmp1' size to 12 MB. Physically writing the file full; Please wait ...
2019-06-05T22:00:30.542238Z 0 [Note] InnoDB: File './ibtmp1' size is now 12 MB.
2019-06-05T22:00:30.542789Z 0 [Note] InnoDB: 96 redo rollback segment(s) found. 96 redo rollback segment(s) are active.
2019-06-05T22:00:30.542798Z 0 [Note] InnoDB: 32 non-redo rollback segment(s) are active.
2019-06-05T22:00:30.543208Z 0 [Note] InnoDB: Waiting for purge to start
2019-06-05T22:00:30.593346Z 0 [Note] InnoDB: 5.7.23 started; log sequence number 2591784
2019-06-05T22:00:30.594108Z 0 [Note] Plugin 'FEDERATED' is disabled.
2019-06-05T22:00:30.601694Z 0 [Warning] Failed to set up SSL because of the following SSL library error: SSL context is not usable without certificate and private key
2019-06-05T22:00:30.601711Z 0 [Note] Server hostname (bind-address): '*'; port: 3306
2019-06-05T22:00:30.601935Z 0 [Note] IPv6 is available.
2019-06-05T22:00:30.601986Z 0 [Note] InnoDB: Loading buffer pool(s) from /var/lib/mysql/ib_buffer_pool
2019-06-05T22:00:30.602200Z 0 [Note]   - '::' resolves to '::';
2019-06-05T22:00:30.602212Z 0 [Note] Server socket created on IP: '::'.
2019-06-05T22:00:30.603335Z 0 [Warning] Insecure configuration for --pid-file: Location '/var/run/mysqld' in the path is accessible to all OS users. Consider choosing a different directory.
2019-06-05T22:00:30.612636Z 0 [ERROR] /usr/sbin/mysqld: Table './mysql/user' is marked as crashed and should be repaired
2019-06-05T22:00:30.612808Z 0 [Warning] Checking table:   './mysql/user'
2019-06-05T22:00:30.612822Z 0 [ERROR] 1 client is using or hasn't closed the table properly
2019-06-05T22:00:30.615891Z 0 [Note] InnoDB: Buffer pool(s) load completed at 190605 22:00:30
2019-06-05T22:00:30.616220Z 0 [Warning] 'user' entry 'root@localhost' ignored in --skip-name-resolve mode.
2019-06-05T22:00:30.616243Z 0 [Warning] 'user' entry 'mysql.session@localhost' ignored in --skip-name-resolve mode.
2019-06-05T22:00:30.616249Z 0 [Warning] 'user' entry 'mysql.sys@localhost' ignored in --skip-name-resolve mode.
2019-06-05T22:00:30.616263Z 0 [Warning] 'db' entry 'performance_schema mysql.session@localhost' ignored in --skip-name-resolve mode.
2019-06-05T22:00:30.616267Z 0 [Warning] 'db' entry 'sys mysql.sys@localhost' ignored in --skip-name-resolve mode.
2019-06-05T22:00:30.616274Z 0 [Warning] 'proxies_priv' entry '@ root@localhost' ignored in --skip-name-resolve mode.
2019-06-05T22:00:30.617401Z 0 [Warning] 'tables_priv' entry 'user mysql.session@localhost' ignored in --skip-name-resolve mode.
2019-06-05T22:00:30.617412Z 0 [Warning] 'tables_priv' entry 'sys_config mysql.sys@localhost' ignored in --skip-name-resolve mode.
2019-06-05T22:00:30.625916Z 0 [Note] Event Scheduler: Loaded 0 events
2019-06-05T22:00:30.631704Z 0 [Note] /usr/sbin/mysqld: ready for connections.
Version: '5.7.23'  socket: '/var/run/mysqld/mysqld.sock'  port: 3306  MySQL Community Server (GPL)
2019-06-05T22:00:38.724549Z 4 [ERROR] /usr/sbin/mysqld: Table './mysql/proc' is marked as crashed and should be repaired
2019-06-05T22:00:38.724672Z 4 [Warning] Checking table:   './mysql/proc'
2019-06-05T22:00:38.735940Z 6 [Warning] 'user' entry 'root@localhost' ignored in --skip-name-resolve mode.
2019-06-05T22:00:38.735964Z 6 [Warning] 'user' entry 'mysql.session@localhost' ignored in --skip-name-resolve mode.
2019-06-05T22:00:38.735970Z 6 [Warning] 'user' entry 'mysql.sys@localhost' ignored in --skip-name-resolve mode.
2019-06-05T22:00:38.735985Z 6 [Warning] 'db' entry 'performance_schema mysql.session@localhost' ignored in --skip-name-resolve mode.
2019-06-05T22:00:38.735988Z 6 [Warning] 'db' entry 'sys mysql.sys@localhost' ignored in --skip-name-resolve mode.
2019-06-05T22:00:38.735996Z 6 [Warning] 'proxies_priv' entry '@ root@localhost' ignored in --skip-name-resolve mode.
2019-06-05T22:00:38.736106Z 6 [Warning] 'tables_priv' entry 'user mysql.session@localhost' ignored in --skip-name-resolve mode.
2019-06-05T22:00:38.736114Z 6 [Warning] 'tables_priv' entry 'sys_config mysql.sys@localhost' ignored in --skip-name-resolve mode.
2019-06-05T22:00:54.126732Z 0 [Note] InnoDB: page_cleaner: 1000ms intended loop took 9872ms. The settings might not be optimal. (flushed=200 and evicted=0, during the time.)
2019-06-06T00:00:29.711628Z 0 [Note] Giving 0 client threads a chance to die gracefully
2019-06-06T00:00:29.712896Z 0 [Note] Shutting down slave threads
2019-06-06T00:00:29.712910Z 0 [Note] Forcefully disconnecting 0 remaining clients
2019-06-06T00:00:29.712918Z 0 [Note] Event Scheduler: Purging the queue. 0 events
2019-06-06T00:00:29.713531Z 0 [Note] Binlog end
2019-06-06T00:00:29.715336Z 0 [Note] Shutting down plugin 'ngram'
2019-06-06T00:00:29.715350Z 0 [Note] Shutting down plugin 'partition'
2019-06-06T00:00:29.715354Z 0 [Note] Shutting down plugin 'BLACKHOLE'
2019-06-06T00:00:29.715357Z 0 [Note] Shutting down plugin 'ARCHIVE'
2019-06-06T00:00:29.715359Z 0 [Note] Shutting down plugin 'PERFORMANCE_SCHEMA'
2019-06-06T00:00:29.715415Z 0 [Note] Shutting down plugin 'MRG_MYISAM'
2019-06-06T00:00:29.715661Z 0 [Note] Shutting down plugin 'MyISAM'
2019-06-06T00:00:29.715733Z 0 [Note] Shutting down plugin 'INNODB_SYS_VIRTUAL'
2019-06-06T00:00:29.716725Z 0 [Note] Shutting down plugin 'INNODB_SYS_DATAFILES'
2019-06-06T00:00:29.716734Z 0 [Note] Shutting down plugin 'INNODB_SYS_TABLESPACES'
2019-06-06T00:00:29.716737Z 0 [Note] Shutting down plugin 'INNODB_SYS_FOREIGN_COLS'
2019-06-06T00:00:29.716739Z 0 [Note] Shutting down plugin 'INNODB_SYS_FOREIGN'
2019-06-06T00:00:29.716740Z 0 [Note] Shutting down plugin 'INNODB_SYS_FIELDS'
2019-06-06T00:00:29.716742Z 0 [Note] Shutting down plugin 'INNODB_SYS_COLUMNS'
2019-06-06T00:00:29.716744Z 0 [Note] Shutting down plugin 'INNODB_SYS_INDEXES'
2019-06-06T00:00:29.716746Z 0 [Note] Shutting down plugin 'INNODB_SYS_TABLESTATS'
2019-06-06T00:00:29.716752Z 0 [Note] Shutting down plugin 'INNODB_SYS_TABLES'
2019-06-06T00:00:29.716754Z 0 [Note] Shutting down plugin 'INNODB_FT_INDEX_TABLE'
2019-06-06T00:00:29.716756Z 0 [Note] Shutting down plugin 'INNODB_FT_INDEX_CACHE'
2019-06-06T00:00:29.716758Z 0 [Note] Shutting down plugin 'INNODB_FT_CONFIG'
2019-06-06T00:00:29.716760Z 0 [Note] Shutting down plugin 'INNODB_FT_BEING_DELETED'
2019-06-06T00:00:29.716761Z 0 [Note] Shutting down plugin 'INNODB_FT_DELETED'
2019-06-06T00:00:29.716763Z 0 [Note] Shutting down plugin 'INNODB_FT_DEFAULT_STOPWORD'
2019-06-06T00:00:29.716765Z 0 [Note] Shutting down plugin 'INNODB_METRICS'
2019-06-06T00:00:29.716767Z 0 [Note] Shutting down plugin 'INNODB_TEMP_TABLE_INFO'
2019-06-06T00:00:29.716769Z 0 [Note] Shutting down plugin 'INNODB_BUFFER_POOL_STATS'
2019-06-06T00:00:29.716771Z 0 [Note] Shutting down plugin 'INNODB_BUFFER_PAGE_LRU'
2019-06-06T00:00:29.716772Z 0 [Note] Shutting down plugin 'INNODB_BUFFER_PAGE'
2019-06-06T00:00:29.716774Z 0 [Note] Shutting down plugin 'INNODB_CMP_PER_INDEX_RESET'
2019-06-06T00:00:29.716776Z 0 [Note] Shutting down plugin 'INNODB_CMP_PER_INDEX'
2019-06-06T00:00:29.716777Z 0 [Note] Shutting down plugin 'INNODB_CMPMEM_RESET'
2019-06-06T00:00:29.716779Z 0 [Note] Shutting down plugin 'INNODB_CMPMEM'
2019-06-06T00:00:29.716781Z 0 [Note] Shutting down plugin 'INNODB_CMP_RESET'
2019-06-06T00:00:29.716782Z 0 [Note] Shutting down plugin 'INNODB_CMP'
2019-06-06T00:00:29.716784Z 0 [Note] Shutting down plugin 'INNODB_LOCK_WAITS'
2019-06-06T00:00:29.716786Z 0 [Note] Shutting down plugin 'INNODB_LOCKS'
2019-06-06T00:00:29.716788Z 0 [Note] Shutting down plugin 'INNODB_TRX'
2019-06-06T00:00:29.716790Z 0 [Note] Shutting down plugin 'InnoDB'
2019-06-06T00:00:29.717763Z 0 [Note] InnoDB: FTS optimize thread exiting.
2019-06-06T00:00:29.718098Z 0 [Note] InnoDB: Starting shutdown...
2019-06-06T00:00:29.820671Z 0 [Note] InnoDB: Dumping buffer pool(s) to /var/lib/mysql/ib_buffer_pool
2019-06-06T00:00:29.820960Z 0 [Note] InnoDB: Buffer pool(s) dump completed at 190606  0:00:29
2019-06-06T00:00:31.230268Z 0 [Note] InnoDB: Shutdown completed; log sequence number 10674539
2019-06-06T00:00:31.230426Z 0 [Note] InnoDB: Removed temporary tablespace data file: "ibtmp1"
2019-06-06T00:00:31.230437Z 0 [Note] Shutting down plugin 'MEMORY'
2019-06-06T00:00:31.230441Z 0 [Note] Shutting down plugin 'CSV'
2019-06-06T00:00:31.230445Z 0 [Note] Shutting down plugin 'sha256_password'
2019-06-06T00:00:31.230447Z 0 [Note] Shutting down plugin 'mysql_native_password'
2019-06-06T00:00:31.230592Z 0 [Note] Shutting down plugin 'binlog'
2019-06-06T00:00:31.231996Z 0 [Note] /usr/sbin/mysqld: Shutdown complete

2019-06-06T00:00:39.192788Z 0 [Warning] TIMESTAMP with implicit DEFAULT value is deprecated. Please use --explicit_defaults_for_timestamp server option (see documentation for more details).
2019-06-06T00:00:39.193667Z 0 [Note] /usr/sbin/mysqld (mysqld 5.7.23) starting as process 82 ...
2019-06-06T00:00:39.203982Z 0 [Note] InnoDB: PUNCH HOLE support available
2019-06-06T00:00:39.204003Z 0 [Note] InnoDB: Mutexes and rw_locks use GCC atomic builtins
2019-06-06T00:00:39.204007Z 0 [Note] InnoDB: Uses event mutexes
2019-06-06T00:00:39.204010Z 0 [Note] InnoDB: GCC builtin __atomic_thread_fence() is used for memory barrier
2019-06-06T00:00:39.204012Z 0 [Note] InnoDB: Compressed tables use zlib 1.2.3
2019-06-06T00:00:39.204015Z 0 [Note] InnoDB: Using Linux native AIO
2019-06-06T00:00:39.204164Z 0 [Note] InnoDB: Number of pools: 1
2019-06-06T00:00:39.204389Z 0 [Note] InnoDB: Using CPU crc32 instructions
2019-06-06T00:00:39.205517Z 0 [Note] InnoDB: Initializing buffer pool, total size = 32M, instances = 1, chunk size = 32M
2019-06-06T00:00:39.207001Z 0 [Note] InnoDB: Completed initialization of buffer pool
2019-06-06T00:00:39.216477Z 0 [Note] InnoDB: If the mysqld execution user is authorized, page cleaner thread priority can be changed. See the man page of setpriority().
2019-06-06T00:00:39.220131Z 0 [Note] InnoDB: Highest supported file format is Barracuda.
2019-06-06T00:00:39.253810Z 0 [Note] InnoDB: Creating shared tablespace for temporary tables
2019-06-06T00:00:39.253890Z 0 [Note] InnoDB: Setting file './ibtmp1' size to 12 MB. Physically writing the file full; Please wait ...
2019-06-06T00:00:39.272312Z 0 [Note] InnoDB: File './ibtmp1' size is now 12 MB.
2019-06-06T00:00:39.272805Z 0 [Note] InnoDB: 96 redo rollback segment(s) found. 96 redo rollback segment(s) are active.
2019-06-06T00:00:39.272814Z 0 [Note] InnoDB: 32 non-redo rollback segment(s) are active.
2019-06-06T00:00:39.273187Z 0 [Note] InnoDB: Waiting for purge to start
2019-06-06T00:00:39.326016Z 0 [Note] InnoDB: 5.7.23 started; log sequence number 10674539
2019-06-06T00:00:39.326494Z 0 [Note] Plugin 'FEDERATED' is disabled.
2019-06-06T00:00:39.329549Z 0 [Warning] Failed to set up SSL because of the following SSL library error: SSL context is not usable without certificate and private key
2019-06-06T00:00:39.329563Z 0 [Note] Server hostname (bind-address): '*'; port: 3306
2019-06-06T00:00:39.329842Z 0 [Note] IPv6 is available.
2019-06-06T00:00:39.329858Z 0 [Note]   - '::' resolves to '::';
2019-06-06T00:00:39.329864Z 0 [Note] Server socket created on IP: '::'.
2019-06-06T00:00:39.330244Z 0 [Note] InnoDB: Loading buffer pool(s) from /var/lib/mysql/ib_buffer_pool
2019-06-06T00:00:39.331849Z 0 [Warning] 'user' entry 'root@localhost' ignored in --skip-name-resolve mode.
2019-06-06T00:00:39.331929Z 0 [Warning] 'user' entry 'mysql.session@localhost' ignored in --skip-name-resolve mode.
2019-06-06T00:00:39.331939Z 0 [Warning] 'user' entry 'mysql.sys@localhost' ignored in --skip-name-resolve mode.
2019-06-06T00:00:39.331955Z 0 [Warning] 'db' entry 'performance_schema mysql.session@localhost' ignored in --skip-name-resolve mode.
2019-06-06T00:00:39.331958Z 0 [Warning] 'db' entry 'sys mysql.sys@localhost' ignored in --skip-name-resolve mode.
2019-06-06T00:00:39.331966Z 0 [Warning] 'proxies_priv' entry '@ root@localhost' ignored in --skip-name-resolve mode.
2019-06-06T00:00:39.334636Z 0 [Warning] 'tables_priv' entry 'user mysql.session@localhost' ignored in --skip-name-resolve mode.
2019-06-06T00:00:39.334655Z 0 [Warning] 'tables_priv' entry 'sys_config mysql.sys@localhost' ignored in --skip-name-resolve mode.
2019-06-06T00:00:39.365800Z 0 [Note] InnoDB: Buffer pool(s) load completed at 190606  0:00:39
2019-06-06T00:00:39.373123Z 0 [Note] Event Scheduler: Loaded 0 events
2019-06-06T00:00:39.381242Z 0 [Note] /usr/sbin/mysqld: ready for connections.
Version: '5.7.23'  socket: '/var/run/mysqld/mysqld.sock'  port: 3306  MySQL Community Server (GPL)
2019-06-06T00:00:41.892172Z 0 [Note] Giving 0 client threads a chance to die gracefully
2019-06-06T00:00:41.892210Z 0 [Note] Shutting down slave threads
2019-06-06T00:00:41.892214Z 0 [Note] Forcefully disconnecting 0 remaining clients
2019-06-06T00:00:41.892219Z 0 [Note] Event Scheduler: Purging the queue. 0 events
2019-06-06T00:00:41.892261Z 0 [Note] Binlog end
2019-06-06T00:00:41.898111Z 0 [Note] Shutting down plugin 'ngram'
2019-06-06T00:00:41.898138Z 0 [Note] Shutting down plugin 'partition'
2019-06-06T00:00:41.898142Z 0 [Note] Shutting down plugin 'BLACKHOLE'
2019-06-06T00:00:41.898144Z 0 [Note] Shutting down plugin 'ARCHIVE'
2019-06-06T00:00:41.898146Z 0 [Note] Shutting down plugin 'PERFORMANCE_SCHEMA'
2019-06-06T00:00:41.898162Z 0 [Note] Shutting down plugin 'MRG_MYISAM'
2019-06-06T00:00:41.898164Z 0 [Note] Shutting down plugin 'MyISAM'
2019-06-06T00:00:41.898173Z 0 [Note] Shutting down plugin 'INNODB_SYS_VIRTUAL'
2019-06-06T00:00:41.898176Z 0 [Note] Shutting down plugin 'INNODB_SYS_DATAFILES'
2019-06-06T00:00:41.898178Z 0 [Note] Shutting down plugin 'INNODB_SYS_TABLESPACES'
2019-06-06T00:00:41.898180Z 0 [Note] Shutting down plugin 'INNODB_SYS_FOREIGN_COLS'
2019-06-06T00:00:41.898182Z 0 [Note] Shutting down plugin 'INNODB_SYS_FOREIGN'
2019-06-06T00:00:41.898184Z 0 [Note] Shutting down plugin 'INNODB_SYS_FIELDS'
2019-06-06T00:00:41.898186Z 0 [Note] Shutting down plugin 'INNODB_SYS_COLUMNS'
2019-06-06T00:00:41.898188Z 0 [Note] Shutting down plugin 'INNODB_SYS_INDEXES'
2019-06-06T00:00:41.898190Z 0 [Note] Shutting down plugin 'INNODB_SYS_TABLESTATS'
2019-06-06T00:00:41.898200Z 0 [Note] Shutting down plugin 'INNODB_SYS_TABLES'
2019-06-06T00:00:41.898202Z 0 [Note] Shutting down plugin 'INNODB_FT_INDEX_TABLE'
2019-06-06T00:00:41.898204Z 0 [Note] Shutting down plugin 'INNODB_FT_INDEX_CACHE'
2019-06-06T00:00:41.898206Z 0 [Note] Shutting down plugin 'INNODB_FT_CONFIG'
2019-06-06T00:00:41.898207Z 0 [Note] Shutting down plugin 'INNODB_FT_BEING_DELETED'
2019-06-06T00:00:41.898209Z 0 [Note] Shutting down plugin 'INNODB_FT_DELETED'
2019-06-06T00:00:41.898211Z 0 [Note] Shutting down plugin 'INNODB_FT_DEFAULT_STOPWORD'
2019-06-06T00:00:41.898213Z 0 [Note] Shutting down plugin 'INNODB_METRICS'
2019-06-06T00:00:41.898215Z 0 [Note] Shutting down plugin 'INNODB_TEMP_TABLE_INFO'
2019-06-06T00:00:41.898217Z 0 [Note] Shutting down plugin 'INNODB_BUFFER_POOL_STATS'
2019-06-06T00:00:41.898219Z 0 [Note] Shutting down plugin 'INNODB_BUFFER_PAGE_LRU'
2019-06-06T00:00:41.898221Z 0 [Note] Shutting down plugin 'INNODB_BUFFER_PAGE'
2019-06-06T00:00:41.898223Z 0 [Note] Shutting down plugin 'INNODB_CMP_PER_INDEX_RESET'
2019-06-06T00:00:41.898225Z 0 [Note] Shutting down plugin 'INNODB_CMP_PER_INDEX'
2019-06-06T00:00:41.898226Z 0 [Note] Shutting down plugin 'INNODB_CMPMEM_RESET'
2019-06-06T00:00:41.898228Z 0 [Note] Shutting down plugin 'INNODB_CMPMEM'
2019-06-06T00:00:41.898230Z 0 [Note] Shutting down plugin 'INNODB_CMP_RESET'
2019-06-06T00:00:41.898232Z 0 [Note] Shutting down plugin 'INNODB_CMP'
2019-06-06T00:00:41.898234Z 0 [Note] Shutting down plugin 'INNODB_LOCK_WAITS'
2019-06-06T00:00:41.898236Z 0 [Note] Shutting down plugin 'INNODB_LOCKS'
2019-06-06T00:00:41.898238Z 0 [Note] Shutting down plugin 'INNODB_TRX'
2019-06-06T00:00:41.898239Z 0 [Note] Shutting down plugin 'InnoDB'
2019-06-06T00:00:41.898332Z 0 [Note] InnoDB: FTS optimize thread exiting.
2019-06-06T00:00:41.898550Z 0 [Note] InnoDB: Starting shutdown...
2019-06-06T21:43:24.164405Z 0 [Warning] TIMESTAMP with implicit DEFAULT value is deprecated. Please use --explicit_defaults_for_timestamp server option (see documentation for more details).
2019-06-06T21:43:24.173047Z 0 [Note] /usr/sbin/mysqld (mysqld 5.7.23) starting as process 44 ...
2019-06-06T21:43:24.176350Z 0 [Note] InnoDB: PUNCH HOLE support available
2019-06-06T21:43:24.176371Z 0 [Note] InnoDB: Mutexes and rw_locks use GCC atomic builtins
2019-06-06T21:43:24.176374Z 0 [Note] InnoDB: Uses event mutexes
2019-06-06T21:43:24.176377Z 0 [Note] InnoDB: GCC builtin __atomic_thread_fence() is used for memory barrier
2019-06-06T21:43:24.176379Z 0 [Note] InnoDB: Compressed tables use zlib 1.2.3
2019-06-06T21:43:24.176382Z 0 [Note] InnoDB: Using Linux native AIO
2019-06-06T21:43:24.176519Z 0 [Note] InnoDB: Number of pools: 1
2019-06-06T21:43:24.176588Z 0 [Note] InnoDB: Using CPU crc32 instructions
2019-06-06T21:43:24.177680Z 0 [Note] InnoDB: Initializing buffer pool, total size = 32M, instances = 1, chunk size = 32M
2019-06-06T21:43:24.178981Z 0 [Note] InnoDB: Completed initialization of buffer pool
2019-06-06T21:43:24.182365Z 0 [Note] InnoDB: If the mysqld execution user is authorized, page cleaner thread priority can be changed. See the man page of setpriority().
2019-06-06T21:43:24.199212Z 0 [Note] InnoDB: Highest supported file format is Barracuda.
2019-06-06T21:43:24.206811Z 0 [Note] InnoDB: Log scan progressed past the checkpoint lsn 10674539
2019-06-06T21:43:24.206825Z 0 [Note] InnoDB: Doing recovery: scanned up to log sequence number 10674837
2019-06-06T21:43:24.207326Z 0 [Note] InnoDB: Database was not shutdown normally!
2019-06-06T21:43:24.207334Z 0 [Note] InnoDB: Starting crash recovery.
2019-06-06T21:43:24.236196Z 0 [Note] InnoDB: Starting an apply batch of log records to the database...
InnoDB: Progress in percent: 5 6 7 8 9 10 11 12 13 14 15 16 17 18 19 20 21 22 23 24 25 26 27 28 29 30 31 32 33 34 35 36 37 38 39 40 41 42 43 44 45 46 47 48 49 50 51 52 53 54 55 56 57 58 59 60 61 62 63 64 65 66 67 68 69 70 71 72 73 74 75 76 77 78 79 80 81 82 83 84 85 86 87 88 89 90 91 92 93 94 95 96 97 98 99 
2019-06-06T21:43:24.238078Z 0 [Note] InnoDB: Apply batch completed
2019-06-06T21:43:24.376638Z 0 [Note] InnoDB: Removed temporary tablespace data file: "ibtmp1"
2019-06-06T21:43:24.376657Z 0 [Note] InnoDB: Creating shared tablespace for temporary tables
2019-06-06T21:43:24.376697Z 0 [Note] InnoDB: Setting file './ibtmp1' size to 12 MB. Physically writing the file full; Please wait ...
2019-06-06T21:43:24.404378Z 0 [Note] InnoDB: File './ibtmp1' size is now 12 MB.
2019-06-06T21:43:24.404952Z 0 [Note] InnoDB: 96 redo rollback segment(s) found. 96 redo rollback segment(s) are active.
2019-06-06T21:43:24.404961Z 0 [Note] InnoDB: 32 non-redo rollback segment(s) are active.
2019-06-06T21:43:24.405336Z 0 [Note] InnoDB: Waiting for purge to start
2019-06-06T21:43:24.455646Z 0 [Note] InnoDB: 5.7.23 started; log sequence number 10674837
2019-06-06T21:43:24.456056Z 0 [Note] Plugin 'FEDERATED' is disabled.
2019-06-06T21:43:24.457171Z 0 [Warning] Failed to set up SSL because of the following SSL library error: SSL context is not usable without certificate and private key
2019-06-06T21:43:24.457183Z 0 [Note] Server hostname (bind-address): '*'; port: 3306
2019-06-06T21:43:24.457219Z 0 [Note] IPv6 is available.
2019-06-06T21:43:24.457227Z 0 [Note]   - '::' resolves to '::';
2019-06-06T21:43:24.457232Z 0 [Note] Server socket created on IP: '::'.
2019-06-06T21:43:24.462893Z 0 [Note] InnoDB: Loading buffer pool(s) from /var/lib/mysql/ib_buffer_pool
2019-06-06T21:43:24.462956Z 0 [Warning] 'user' entry 'root@localhost' ignored in --skip-name-resolve mode.
2019-06-06T21:43:24.463030Z 0 [Warning] 'user' entry 'mysql.session@localhost' ignored in --skip-name-resolve mode.
2019-06-06T21:43:24.463040Z 0 [Warning] 'user' entry 'mysql.sys@localhost' ignored in --skip-name-resolve mode.
2019-06-06T21:43:24.463057Z 0 [Warning] 'db' entry 'performance_schema mysql.session@localhost' ignored in --skip-name-resolve mode.
2019-06-06T21:43:24.463061Z 0 [Warning] 'db' entry 'sys mysql.sys@localhost' ignored in --skip-name-resolve mode.
2019-06-06T21:43:24.463068Z 0 [Warning] 'proxies_priv' entry '@ root@localhost' ignored in --skip-name-resolve mode.
2019-06-06T21:43:24.464114Z 0 [Warning] 'tables_priv' entry 'user mysql.session@localhost' ignored in --skip-name-resolve mode.
2019-06-06T21:43:24.464125Z 0 [Warning] 'tables_priv' entry 'sys_config mysql.sys@localhost' ignored in --skip-name-resolve mode.
2019-06-06T21:43:24.470321Z 0 [Note] Event Scheduler: Loaded 0 events
2019-06-06T21:43:24.482796Z 0 [Note] InnoDB: Buffer pool(s) load completed at 190606 21:43:24
2019-06-06T21:43:24.482960Z 0 [Note] /usr/sbin/mysqld: ready for connections.
Version: '5.7.23'  socket: '/var/run/mysqld/mysqld.sock'  port: 3306  MySQL Community Server (GPL)
2019-06-06T21:48:27.813347Z 0 [Warning] TIMESTAMP with implicit DEFAULT value is deprecated. Please use --explicit_defaults_for_timestamp server option (see documentation for more details).
2019-06-06T21:48:27.814346Z 0 [Note] /usr/sbin/mysqld (mysqld 5.7.23) starting as process 71 ...
2019-06-06T21:48:27.824808Z 0 [Note] InnoDB: PUNCH HOLE support available
2019-06-06T21:48:27.824829Z 0 [Note] InnoDB: Mutexes and rw_locks use GCC atomic builtins
2019-06-06T21:48:27.824832Z 0 [Note] InnoDB: Uses event mutexes
2019-06-06T21:48:27.824835Z 0 [Note] InnoDB: GCC builtin __atomic_thread_fence() is used for memory barrier
2019-06-06T21:48:27.824838Z 0 [Note] InnoDB: Compressed tables use zlib 1.2.3
2019-06-06T21:48:27.824840Z 0 [Note] InnoDB: Using Linux native AIO
2019-06-06T21:48:27.824985Z 0 [Note] InnoDB: Number of pools: 1
2019-06-06T21:48:27.825060Z 0 [Note] InnoDB: Using CPU crc32 instructions
2019-06-06T21:48:27.826183Z 0 [Note] InnoDB: Initializing buffer pool, total size = 32M, instances = 1, chunk size = 32M
2019-06-06T21:48:27.827493Z 0 [Note] InnoDB: Completed initialization of buffer pool
2019-06-06T21:48:27.832478Z 0 [Note] InnoDB: If the mysqld execution user is authorized, page cleaner thread priority can be changed. See the man page of setpriority().
2019-06-06T21:48:27.845350Z 0 [Note] InnoDB: Highest supported file format is Barracuda.
2019-06-06T21:48:27.846418Z 0 [Note] InnoDB: Log scan progressed past the checkpoint lsn 2588963
2019-06-06T21:48:27.846439Z 0 [Note] InnoDB: Doing recovery: scanned up to log sequence number 2591784
2019-06-06T21:48:27.847094Z 0 [Note] InnoDB: Database was not shutdown normally!
2019-06-06T21:48:27.847104Z 0 [Note] InnoDB: Starting crash recovery.
2019-06-06T21:48:28.208428Z 0 [Note] InnoDB: Starting an apply batch of log records to the database...
InnoDB: Progress in percent: 27 28 29 30 31 32 33 34 35 36 37 38 39 40 41 42 43 44 45 46 47 48 49 50 51 52 53 54 55 56 57 58 59 60 61 62 63 64 65 66 67 68 69 70 71 72 73 74 75 76 77 78 79 80 81 82 83 84 85 86 87 88 89 90 91 92 93 94 95 96 97 98 99 
2019-06-06T21:48:28.214503Z 0 [Note] InnoDB: Apply batch completed
2019-06-06T21:48:28.319092Z 0 [Note] InnoDB: Removed temporary tablespace data file: "ibtmp1"
2019-06-06T21:48:28.319112Z 0 [Note] InnoDB: Creating shared tablespace for temporary tables
2019-06-06T21:48:28.319236Z 0 [Note] InnoDB: Setting file './ibtmp1' size to 12 MB. Physically writing the file full; Please wait ...
2019-06-06T21:48:28.446053Z 0 [Note] InnoDB: File './ibtmp1' size is now 12 MB.
2019-06-06T21:48:28.446583Z 0 [Note] InnoDB: 96 redo rollback segment(s) found. 96 redo rollback segment(s) are active.
2019-06-06T21:48:28.446595Z 0 [Note] InnoDB: 32 non-redo rollback segment(s) are active.
2019-06-06T21:48:28.446999Z 0 [Note] InnoDB: Waiting for purge to start
2019-06-06T21:48:28.498703Z 0 [Note] InnoDB: 5.7.23 started; log sequence number 2591784
2019-06-06T21:48:28.499110Z 0 [Note] Plugin 'FEDERATED' is disabled.
2019-06-06T21:48:28.500792Z 0 [Warning] Failed to set up SSL because of the following SSL library error: SSL context is not usable without certificate and private key
2019-06-06T21:48:28.500808Z 0 [Note] Server hostname (bind-address): '*'; port: 3306
2019-06-06T21:48:28.500889Z 0 [Note] IPv6 is available.
2019-06-06T21:48:28.500901Z 0 [Note]   - '::' resolves to '::';
2019-06-06T21:48:28.500906Z 0 [Note] Server socket created on IP: '::'.
2019-06-06T21:48:28.501972Z 0 [Warning] Insecure configuration for --pid-file: Location '/var/run/mysqld' in the path is accessible to all OS users. Consider choosing a different directory.
2019-06-06T21:48:28.503845Z 0 [ERROR] /usr/sbin/mysqld: Table './mysql/user' is marked as crashed and should be repaired
2019-06-06T21:48:28.504030Z 0 [Warning] Checking table:   './mysql/user'
2019-06-06T21:48:28.504046Z 0 [ERROR] 1 client is using or hasn't closed the table properly
2019-06-06T21:48:28.512845Z 0 [Note] InnoDB: Loading buffer pool(s) from /var/lib/mysql/ib_buffer_pool
2019-06-06T21:48:28.515318Z 0 [Warning] 'user' entry 'root@localhost' ignored in --skip-name-resolve mode.
2019-06-06T21:48:28.515345Z 0 [Warning] 'user' entry 'mysql.session@localhost' ignored in --skip-name-resolve mode.
2019-06-06T21:48:28.515352Z 0 [Warning] 'user' entry 'mysql.sys@localhost' ignored in --skip-name-resolve mode.
2019-06-06T21:48:28.515530Z 0 [Warning] 'db' entry 'performance_schema mysql.session@localhost' ignored in --skip-name-resolve mode.
2019-06-06T21:48:28.515538Z 0 [Warning] 'db' entry 'sys mysql.sys@localhost' ignored in --skip-name-resolve mode.
2019-06-06T21:48:28.515719Z 0 [Warning] 'proxies_priv' entry '@ root@localhost' ignored in --skip-name-resolve mode.
2019-06-06T21:48:28.518744Z 0 [Note] InnoDB: Buffer pool(s) load completed at 190606 21:48:28
2019-06-06T21:48:28.520071Z 0 [Warning] 'tables_priv' entry 'user mysql.session@localhost' ignored in --skip-name-resolve mode.
2019-06-06T21:48:28.520098Z 0 [Warning] 'tables_priv' entry 'sys_config mysql.sys@localhost' ignored in --skip-name-resolve mode.
2019-06-06T21:48:28.546267Z 0 [Note] Event Scheduler: Loaded 0 events
2019-06-06T21:48:28.549496Z 0 [Note] /usr/sbin/mysqld: ready for connections.
Version: '5.7.23'  socket: '/var/run/mysqld/mysqld.sock'  port: 3306  MySQL Community Server (GPL)
2019-06-06T21:59:01.510325Z 38 [ERROR] /usr/sbin/mysqld: Table './mysql/proc' is marked as crashed and should be repaired
2019-06-06T21:59:02.810903Z 0 [Note] Giving 0 client threads a chance to die gracefully
2019-06-06T21:59:02.810922Z 0 [Note] Shutting down slave threads
2019-06-06T21:59:02.810926Z 0 [Note] Forcefully disconnecting 0 remaining clients
2019-06-06T21:59:02.810930Z 0 [Note] Event Scheduler: Purging the queue. 0 events
2019-06-06T21:59:02.811074Z 0 [Note] Binlog end
2019-06-06T21:59:02.814868Z 0 [Note] Shutting down plugin 'ngram'
2019-06-06T21:59:02.814892Z 0 [Note] Shutting down plugin 'partition'
2019-06-06T21:59:02.814895Z 0 [Note] Shutting down plugin 'BLACKHOLE'
2019-06-06T21:59:02.814897Z 0 [Note] Shutting down plugin 'ARCHIVE'
2019-06-06T21:59:02.814899Z 0 [Note] Shutting down plugin 'PERFORMANCE_SCHEMA'
2019-06-06T21:59:02.814941Z 0 [Note] Shutting down plugin 'MRG_MYISAM'
2019-06-06T21:59:02.815027Z 0 [Note] Shutting down plugin 'MyISAM'
2019-06-06T21:59:02.815053Z 0 [Note] Shutting down plugin 'INNODB_SYS_VIRTUAL'
2019-06-06T21:59:02.815056Z 0 [Note] Shutting down plugin 'INNODB_SYS_DATAFILES'
2019-06-06T21:59:02.815058Z 0 [Note] Shutting down plugin 'INNODB_SYS_TABLESPACES'
2019-06-06T21:59:02.815060Z 0 [Note] Shutting down plugin 'INNODB_SYS_FOREIGN_COLS'
2019-06-06T21:59:02.815062Z 0 [Note] Shutting down plugin 'INNODB_SYS_FOREIGN'
2019-06-06T21:59:02.815063Z 0 [Note] Shutting down plugin 'INNODB_SYS_FIELDS'
2019-06-06T21:59:02.815065Z 0 [Note] Shutting down plugin 'INNODB_SYS_COLUMNS'
2019-06-06T21:59:02.815067Z 0 [Note] Shutting down plugin 'INNODB_SYS_INDEXES'
2019-06-06T21:59:02.815078Z 0 [Note] Shutting down plugin 'INNODB_SYS_TABLESTATS'
2019-06-06T21:59:02.815080Z 0 [Note] Shutting down plugin 'INNODB_SYS_TABLES'
2019-06-06T21:59:02.815082Z 0 [Note] Shutting down plugin 'INNODB_FT_INDEX_TABLE'
2019-06-06T21:59:02.815095Z 0 [Note] Shutting down plugin 'INNODB_FT_INDEX_CACHE'
2019-06-06T21:59:02.815097Z 0 [Note] Shutting down plugin 'INNODB_FT_CONFIG'
2019-06-06T21:59:02.815111Z 0 [Note] Shutting down plugin 'INNODB_FT_BEING_DELETED'
2019-06-06T21:59:02.815112Z 0 [Note] Shutting down plugin 'INNODB_FT_DELETED'
2019-06-06T21:59:02.815114Z 0 [Note] Shutting down plugin 'INNODB_FT_DEFAULT_STOPWORD'
2019-06-06T21:59:02.815116Z 0 [Note] Shutting down plugin 'INNODB_METRICS'
2019-06-06T21:59:02.815118Z 0 [Note] Shutting down plugin 'INNODB_TEMP_TABLE_INFO'
2019-06-06T21:59:02.815120Z 0 [Note] Shutting down plugin 'INNODB_BUFFER_POOL_STATS'
2019-06-06T21:59:02.815122Z 0 [Note] Shutting down plugin 'INNODB_BUFFER_PAGE_LRU'
2019-06-06T21:59:02.815124Z 0 [Note] Shutting down plugin 'INNODB_BUFFER_PAGE'
2019-06-06T21:59:02.815126Z 0 [Note] Shutting down plugin 'INNODB_CMP_PER_INDEX_RESET'
2019-06-06T21:59:02.815128Z 0 [Note] Shutting down plugin 'INNODB_CMP_PER_INDEX'
2019-06-06T21:59:02.815130Z 0 [Note] Shutting down plugin 'INNODB_CMPMEM_RESET'
2019-06-06T21:59:02.815132Z 0 [Note] Shutting down plugin 'INNODB_CMPMEM'
2019-06-06T21:59:02.815134Z 0 [Note] Shutting down plugin 'INNODB_CMP_RESET'
2019-06-06T21:59:02.815136Z 0 [Note] Shutting down plugin 'INNODB_CMP'
2019-06-06T21:59:02.815137Z 0 [Note] Shutting down plugin 'INNODB_LOCK_WAITS'
2019-06-06T21:59:02.815139Z 0 [Note] Shutting down plugin 'INNODB_LOCKS'
2019-06-06T21:59:02.815141Z 0 [Note] Shutting down plugin 'INNODB_TRX'
2019-06-06T21:59:02.815143Z 0 [Note] Shutting down plugin 'InnoDB'
2019-06-06T21:59:02.815361Z 0 [Note] InnoDB: FTS optimize thread exiting.
2019-06-06T21:59:02.815659Z 0 [Note] InnoDB: Starting shutdown...
2019-06-06T21:59:02.916216Z 0 [Note] InnoDB: Dumping buffer pool(s) to /var/lib/mysql/ib_buffer_pool
2019-06-06T21:59:02.916420Z 0 [Note] InnoDB: Buffer pool(s) dump completed at 190606 21:59:02
2019-06-06T21:59:03.826792Z 0 [Note] InnoDB: Shutdown completed; log sequence number 5031881
2019-06-06T21:59:03.827085Z 0 [Note] InnoDB: Removed temporary tablespace data file: "ibtmp1"
2019-06-06T21:59:03.827098Z 0 [Note] Shutting down plugin 'MEMORY'
2019-06-06T21:59:03.827102Z 0 [Note] Shutting down plugin 'CSV'
2019-06-06T21:59:03.827106Z 0 [Note] Shutting down plugin 'sha256_password'
2019-06-06T21:59:03.827108Z 0 [Note] Shutting down plugin 'mysql_native_password'
2019-06-06T21:59:03.827229Z 0 [Note] Shutting down plugin 'binlog'
2019-06-06T21:59:03.828551Z 0 [Note] /usr/sbin/mysqld: Shutdown complete

2019-06-06T21:59:14.343489Z 0 [Warning] TIMESTAMP with implicit DEFAULT value is deprecated. Please use --explicit_defaults_for_timestamp server option (see documentation for more details).
2019-06-06T21:59:14.344508Z 0 [Note] /usr/sbin/mysqld (mysqld 5.7.23) starting as process 73 ...
2019-06-06T21:59:14.356166Z 0 [Note] InnoDB: PUNCH HOLE support available
2019-06-06T21:59:14.356257Z 0 [Note] InnoDB: Mutexes and rw_locks use GCC atomic builtins
2019-06-06T21:59:14.356261Z 0 [Note] InnoDB: Uses event mutexes
2019-06-06T21:59:14.356264Z 0 [Note] InnoDB: GCC builtin __atomic_thread_fence() is used for memory barrier
2019-06-06T21:59:14.356267Z 0 [Note] InnoDB: Compressed tables use zlib 1.2.3
2019-06-06T21:59:14.356270Z 0 [Note] InnoDB: Using Linux native AIO
2019-06-06T21:59:14.356439Z 0 [Note] InnoDB: Number of pools: 1
2019-06-06T21:59:14.356522Z 0 [Note] InnoDB: Using CPU crc32 instructions
2019-06-06T21:59:14.358301Z 0 [Note] InnoDB: Initializing buffer pool, total size = 32M, instances = 1, chunk size = 32M
2019-06-06T21:59:14.359623Z 0 [Note] InnoDB: Completed initialization of buffer pool
2019-06-06T21:59:14.362982Z 0 [Note] InnoDB: If the mysqld execution user is authorized, page cleaner thread priority can be changed. See the man page of setpriority().
2019-06-06T21:59:14.373363Z 0 [Note] InnoDB: Highest supported file format is Barracuda.
2019-06-06T21:59:14.398238Z 0 [Note] InnoDB: Creating shared tablespace for temporary tables
2019-06-06T21:59:14.398308Z 0 [Note] InnoDB: Setting file './ibtmp1' size to 12 MB. Physically writing the file full; Please wait ...
2019-06-06T21:59:14.424498Z 0 [Note] InnoDB: File './ibtmp1' size is now 12 MB.
2019-06-06T21:59:14.425012Z 0 [Note] InnoDB: 96 redo rollback segment(s) found. 96 redo rollback segment(s) are active.
2019-06-06T21:59:14.425023Z 0 [Note] InnoDB: 32 non-redo rollback segment(s) are active.
2019-06-06T21:59:14.425419Z 0 [Note] InnoDB: Waiting for purge to start
2019-06-06T21:59:14.476190Z 0 [Note] InnoDB: 5.7.23 started; log sequence number 5031881
2019-06-06T21:59:14.476671Z 0 [Note] Plugin 'FEDERATED' is disabled.
2019-06-06T21:59:14.480183Z 0 [Warning] Failed to set up SSL because of the following SSL library error: SSL context is not usable without certificate and private key
2019-06-06T21:59:14.480204Z 0 [Note] Server hostname (bind-address): '*'; port: 3306
2019-06-06T21:59:14.480451Z 0 [Note] IPv6 is available.
2019-06-06T21:59:14.480466Z 0 [Note]   - '::' resolves to '::';
2019-06-06T21:59:14.480471Z 0 [Note] Server socket created on IP: '::'.
2019-06-06T21:59:14.480925Z 0 [Note] InnoDB: Loading buffer pool(s) from /var/lib/mysql/ib_buffer_pool
2019-06-06T21:59:14.493456Z 0 [Warning] 'user' entry 'root@localhost' ignored in --skip-name-resolve mode.
2019-06-06T21:59:14.493482Z 0 [Warning] 'user' entry 'mysql.session@localhost' ignored in --skip-name-resolve mode.
2019-06-06T21:59:14.493488Z 0 [Warning] 'user' entry 'mysql.sys@localhost' ignored in --skip-name-resolve mode.
2019-06-06T21:59:14.493694Z 0 [Warning] 'db' entry 'performance_schema mysql.session@localhost' ignored in --skip-name-resolve mode.
2019-06-06T21:59:14.493702Z 0 [Warning] 'db' entry 'sys mysql.sys@localhost' ignored in --skip-name-resolve mode.
2019-06-06T21:59:14.493784Z 0 [Warning] 'proxies_priv' entry '@ root@localhost' ignored in --skip-name-resolve mode.
2019-06-06T21:59:14.507466Z 0 [Warning] 'tables_priv' entry 'user mysql.session@localhost' ignored in --skip-name-resolve mode.
2019-06-06T21:59:14.507490Z 0 [Warning] 'tables_priv' entry 'sys_config mysql.sys@localhost' ignored in --skip-name-resolve mode.
2019-06-06T21:59:14.509109Z 0 [Note] InnoDB: Buffer pool(s) load completed at 190606 21:59:14
2019-06-06T21:59:14.529842Z 0 [Note] Event Scheduler: Loaded 0 events
2019-06-06T21:59:14.532478Z 0 [Note] /usr/sbin/mysqld: ready for connections.
Version: '5.7.23'  socket: '/var/run/mysqld/mysqld.sock'  port: 3306  MySQL Community Server (GPL)
